2021-11-12 16:49:48,909 - F:/git/WorkWechat/workwechat/everyday_task.py[line:243] - INFO: 检测到额外的窗口洛书SMR-test
2021-11-12 16:49:48,912 - F:/git/WorkWechat/workwechat/everyday_task.py[line:255] - INFO: 没有检测到独立的洛书SMR-test窗口
2021-11-12 16:49:48,913 - F:/git/WorkWechat/workwechat/everyday_task.py[line:243] - INFO: 检测到额外的窗口洛书SMR-test
2021-11-12 16:49:48,914 - F:/git/WorkWechat/workwechat/everyday_task.py[line:255] - INFO: 没有检测到独立的洛书SMR-test窗口
2021-11-12 16:49:49,454 - F:\git\WorkWechat\workwechat\base.py[line:261] - INFO: 企业微信已连接
2021-11-12 16:49:49,801 - F:\git\WorkWechat\workwechat\base.py[line:261] - INFO: 企业微信已连接
2021-11-12 16:49:49,801 - F:/git/WorkWechat/workwechat/everyday_task.py[line:29] - INFO: 当前页面是消息页面
2021-11-12 16:49:49,840 - F:/git/WorkWechat/workwechat/everyday_task.py[line:57] - INFO: 目标在列表中,直接点击
2021-11-12 16:49:50,900 - F:/git/WorkWechat/workwechat/everyday_task.py[line:72] - INFO: 当前在聊天窗口
2021-11-12 16:49:51,209 - F:\git\WorkWechat\workwechat\base.py[line:261] - INFO: 企业微信已连接
2021-11-12 16:49:51,210 - F:/git/WorkWechat/workwechat/everyday_task.py[line:143] - INFO: 当前在与洛书SMR-test的聊天页面
2021-11-12 16:49:52,315 - F:/git/WorkWechat/workwechat/everyday_task.py[line:333] - INFO: 准备进入1v1sop任务框
2021-11-12 16:49:55,828 - F:/git/WorkWechat/workwechat/everyday_task.py[line:335] - INFO: 当前页面没有消息,没有任务可以做,停止任务
2021-11-12 16:49:55,828 - F:/git/WorkWechat/workwechat/everyday_task.py[line:333] - INFO: 准备进入1v1sop任务框
2021-11-12 16:49:59,324 - F:/git/WorkWechat/workwechat/everyday_task.py[line:335] - INFO: 当前页面没有消息,没有任务可以做,停止任务
2021-11-12 16:49:59,324 - F:/git/WorkWechat/workwechat/everyday_task.py[line:333] - INFO: 准备进入1v1sop任务框
2021-11-12 16:50:02,716 - F:/git/WorkWechat/workwechat/everyday_task.py[line:335] - INFO: 当前页面没有消息,没有任务可以做,停止任务
2021-11-12 16:50:02,716 - F:/git/WorkWechat/workwechat/everyday_task.py[line:374] - INFO: 当前无任务
2021-11-12 17:02:39,571 - F:/git/WorkWechat/workwechat/everyday_task.py[line:243] - INFO: 检测到额外的窗口洛书SMR-test
2021-11-12 17:02:39,573 - F:/git/WorkWechat/workwechat/everyday_task.py[line:255] - INFO: 没有检测到独立的洛书SMR-test窗口
2021-11-12 17:02:39,574 - F:/git/WorkWechat/workwechat/everyday_task.py[line:243] - INFO: 检测到额外的窗口洛书SMR-test
2021-11-12 17:02:39,575 - F:/git/WorkWechat/workwechat/everyday_task.py[line:255] - INFO: 没有检测到独立的洛书SMR-test窗口
2021-11-12 17:02:40,101 - F:\git\WorkWechat\workwechat\base.py[line:261] - INFO: 企业微信已连接
2021-11-12 17:02:40,454 - F:\git\WorkWechat\workwechat\base.py[line:261] - INFO: 企业微信已连接
2021-11-12 17:02:40,455 - F:/git/WorkWechat/workwechat/everyday_task.py[line:29] - INFO: 当前页面是消息页面
2021-11-12 17:02:40,524 - F:/git/WorkWechat/workwechat/everyday_task.py[line:57] - INFO: 目标在列表中,直接点击
2021-11-12 17:02:41,586 - F:/git/WorkWechat/workwechat/everyday_task.py[line:72] - INFO: 当前在聊天窗口
2021-11-12 17:02:41,826 - F:\git\WorkWechat\workwechat\base.py[line:261] - INFO: 企业微信已连接
2021-11-12 17:02:41,826 - F:/git/WorkWechat/workwechat/everyday_task.py[line:143] - INFO: 当前在与洛书SMR-test的聊天页面
2021-11-12 17:02:42,942 - F:/git/WorkWechat/workwechat/everyday_task.py[line:333] - INFO: 准备进入1v1sop任务框
2021-11-12 17:02:46,490 - F:/git/WorkWechat/workwechat/everyday_task.py[line:243] - INFO: 检测到额外的窗口洛书SMR-test
2021-11-12 17:02:46,492 - F:/git/WorkWechat/workwechat/everyday_task.py[line:255] - INFO: 没有检测到独立的洛书SMR-test窗口
2021-11-12 17:02:46,529 - F:/git/WorkWechat/workwechat/everyday_task.py[line:72] - INFO: 当前在聊天窗口
2021-11-12 17:02:46,771 - F:\git\WorkWechat\workwechat\base.py[line:261] - INFO: 企业微信已连接
2021-11-12 17:02:46,771 - F:/git/WorkWechat/workwechat/everyday_task.py[line:143] - INFO: 当前在与洛书SMR-test的聊天页面
2021-11-12 17:02:47,498 - F:/git/WorkWechat/workwechat/everyday_task.py[line:335] - INFO: 当前页面没有消息,没有任务可以做,停止任务
2021-11-12 17:02:47,499 - F:/git/WorkWechat/workwechat/everyday_task.py[line:333] - INFO: 准备进入1v1sop任务框
2021-11-12 17:02:54,142 - F:/git/WorkWechat/workwechat/everyday_task.py[line:243] - INFO: 检测到额外的窗口洛书SMR-test
2021-11-12 17:02:54,145 - F:/git/WorkWechat/workwechat/everyday_task.py[line:255] - INFO: 没有检测到独立的洛书SMR-test窗口
2021-11-12 17:02:54,145 - F:/git/WorkWechat/workwechat/everyday_task.py[line:243] - INFO: 检测到额外的窗口洛书SMR-test
2021-11-12 17:02:54,147 - F:/git/WorkWechat/workwechat/everyday_task.py[line:255] - INFO: 没有检测到独立的洛书SMR-test窗口
2021-11-12 17:02:54,716 - F:\git\WorkWechat\workwechat\base.py[line:261] - INFO: 企业微信已连接
2021-11-12 17:02:55,052 - F:\git\WorkWechat\workwechat\base.py[line:261] - INFO: 企业微信已连接
2021-11-12 17:02:55,052 - F:/git/WorkWechat/workwechat/everyday_task.py[line:29] - INFO: 当前页面是消息页面
2021-11-12 17:02:58,863 - F:\git\WorkWechat\workwechat\base.py[line:261] - INFO: 企业微信已连接
2021-11-12 17:02:58,939 - F:/git/WorkWechat/workwechat/everyday_task.py[line:23] - INFO: 当前在消息列表页
2021-11-12 17:02:58,979 - F:/git/WorkWechat/workwechat/everyday_task.py[line:100] - INFO: 点击放大镜
2021-11-12 17:03:03,573 - F:/git/WorkWechat/workwechat/everyday_task.py[line:105] - INFO: input "洛书SMR-test"
2021-11-12 17:03:07,101 - F:/git/WorkWechat/workwechat/everyday_task.py[line:109] - INFO: 找到查询结果
2021-11-12 17:03:08,721 - F:\git\WorkWechat\workwechat\base.py[line:261] - INFO: 企业微信已连接
2021-11-12 17:03:08,722 - F:/git/WorkWechat/workwechat/everyday_task.py[line:113] - INFO: 当前页面是消息页面
2021-11-12 17:03:08,974 - F:\git\WorkWechat\workwechat\base.py[line:261] - INFO: 企业微信已连接
2021-11-12 17:03:08,974 - F:/git/WorkWechat/workwechat/everyday_task.py[line:143] - INFO: 当前在与洛书SMR-test的聊天页面
2021-11-12 17:03:10,056 - F:/git/WorkWechat/workwechat/everyday_task.py[line:333] - INFO: 准备进入1v1sop任务框
2021-11-12 17:03:13,529 - F:/git/WorkWechat/workwechat/everyday_task.py[line:243] - INFO: 检测到额外的窗口洛书SMR-test
2021-11-12 17:03:13,531 - F:/git/WorkWechat/workwechat/everyday_task.py[line:255] - INFO: 没有检测到独立的洛书SMR-test窗口
2021-11-12 17:03:13,582 - F:/git/WorkWechat/workwechat/everyday_task.py[line:72] - INFO: 当前在聊天窗口
2021-11-12 17:03:13,826 - F:\git\WorkWechat\workwechat\base.py[line:261] - INFO: 企业微信已连接
2021-11-12 17:03:13,826 - F:/git/WorkWechat/workwechat/everyday_task.py[line:143] - INFO: 当前在与洛书SMR-test的聊天页面
